  statistics.cpp
  sort.cpp
i:\test_git\lab_1_1\visual_studio_2010_environment\1_1\source_code\sorting_algorithm.h : warning C4819: 檔案含有無法在目前字碼頁 (950) 中表示的字元。請以 Unicode 格式儲存檔案以防止資料遺失
  main.cpp
  io.cpp
i:\test_git\lab_1_1\visual_studio_2010_environment\1_1\source_code\io.cpp(10): warning C4996: 'gets': This function or variable may be unsafe. Consider using gets_s instead. To disable deprecation, use _CRT_SECURE_NO_WARNINGS. See online help for details.
          c:\program files\microsoft visual studio 10.0\vc\include\stdio.h(277) : 請參閱 'gets' 的宣告
i:\test_git\lab_1_1\visual_studio_2010_environment\1_1\source_code\io.cpp(12): warning C4996: 'fopen': This function or variable may be unsafe. Consider using fopen_s instead. To disable deprecation, use _CRT_SECURE_NO_WARNINGS. See online help for details.
          c:\program files\microsoft visual studio 10.0\vc\include\stdio.h(234) : 請參閱 'fopen' 的宣告
i:\test_git\lab_1_1\visual_studio_2010_environment\1_1\source_code\io.cpp(13): warning C4996: 'fscanf': This function or variable may be unsafe. Consider using fscanf_s instead. To disable deprecation, use _CRT_SECURE_NO_WARNINGS. See online help for details.
          c:\program files\microsoft visual studio 10.0\vc\include\stdio.h(253) : 請參閱 'fscanf' 的宣告
i:\test_git\lab_1_1\visual_studio_2010_environment\1_1\source_code\io.cpp(15): warning C4996: 'fscanf': This function or variable may be unsafe. Consider using fscanf_s instead. To disable deprecation, use _CRT_SECURE_NO_WARNINGS. See online help for details.
          c:\program files\microsoft visual studio 10.0\vc\include\stdio.h(253) : 請參閱 'fscanf' 的宣告
  正在產生程式碼...
  Swap_algorithm.c
i:\test_git\lab_1_1\visual_studio_2010_environment\1_1\source_code\swap_algorithm.c : warning C4819: 檔案含有無法在目前字碼頁 (950) 中表示的字元。請以 Unicode 格式儲存檔案以防止資料遺失
i:\test_git\lab_1_1\visual_studio_2010_environment\1_1\source_code\swap_algorithm.c(40): error C2065: 'swap_a' : 未宣告的識別項
i:\test_git\lab_1_1\visual_studio_2010_environment\1_1\source_code\swap_algorithm.c(40): error C2100: 不合法的間接取值
i:\test_git\lab_1_1\visual_studio_2010_environment\1_1\source_code\swap_algorithm.c(40): error C2099: 初始設定式不是常數
i:\test_git\lab_1_1\visual_studio_2010_environment\1_1\source_code\swap_algorithm.c(41): error C2065: 'swap_b' : 未宣告的識別項
i:\test_git\lab_1_1\visual_studio_2010_environment\1_1\source_code\swap_algorithm.c(41): error C2100: 不合法的間接取值
i:\test_git\lab_1_1\visual_studio_2010_environment\1_1\source_code\swap_algorithm.c(41): error C2099: 初始設定式不是常數
i:\test_git\lab_1_1\visual_studio_2010_environment\1_1\source_code\swap_algorithm.c(42): error C2099: 初始設定式不是常數
i:\test_git\lab_1_1\visual_studio_2010_environment\1_1\source_code\swap_algorithm.c(69): error C2143: 語法錯誤 : 遺漏 ';' (在 '型別' 之前)
i:\test_git\lab_1_1\visual_studio_2010_environment\1_1\source_code\swap_algorithm.c(78): error C2065: 'mem' : 未宣告的識別項
i:\test_git\lab_1_1\visual_studio_2010_environment\1_1\source_code\swap_algorithm.c(78): error C2065: 'a' : 未宣告的識別項
i:\test_git\lab_1_1\visual_studio_2010_environment\1_1\source_code\swap_algorithm.c(78): error C2100: 不合法的間接取值
i:\test_git\lab_1_1\visual_studio_2010_environment\1_1\source_code\swap_algorithm.c(80): error C2065: 'a' : 未宣告的識別項
i:\test_git\lab_1_1\visual_studio_2010_environment\1_1\source_code\swap_algorithm.c(80): error C2100: 不合法的間接取值
i:\test_git\lab_1_1\visual_studio_2010_environment\1_1\source_code\swap_algorithm.c(80): error C2065: 'b' : 未宣告的識別項
i:\test_git\lab_1_1\visual_studio_2010_environment\1_1\source_code\swap_algorithm.c(80): error C2100: 不合法的間接取值
i:\test_git\lab_1_1\visual_studio_2010_environment\1_1\source_code\swap_algorithm.c(82): error C2065: 'b' : 未宣告的識別項
i:\test_git\lab_1_1\visual_studio_2010_environment\1_1\source_code\swap_algorithm.c(82): error C2100: 不合法的間接取值
i:\test_git\lab_1_1\visual_studio_2010_environment\1_1\source_code\swap_algorithm.c(82): error C2065: 'mem' : 未宣告的識別項
i:\test_git\lab_1_1\visual_studio_2010_environment\1_1\source_code\swap_algorithm.c(89): error C2143: 語法錯誤 : 遺漏 ';' (在 '型別' 之前)
i:\test_git\lab_1_1\visual_studio_2010_environment\1_1\source_code\swap_algorithm.c(109): error C2143: 語法錯誤 : 遺漏 ';' (在 '型別' 之前)
i:\test_git\lab_1_1\visual_studio_2010_environment\1_1\source_code\swap_algorithm.c(118): error C2065: 'mem' : 未宣告的識別項
i:\test_git\lab_1_1\visual_studio_2010_environment\1_1\source_code\swap_algorithm.c(118): error C2065: 'a' : 未宣告的識別項
i:\test_git\lab_1_1\visual_studio_2010_environment\1_1\source_code\swap_algorithm.c(118): error C2100: 不合法的間接取值
i:\test_git\lab_1_1\visual_studio_2010_environment\1_1\source_code\swap_algorithm.c(120): error C2065: 'a' : 未宣告的識別項
i:\test_git\lab_1_1\visual_studio_2010_environment\1_1\source_code\swap_algorithm.c(120): error C2100: 不合法的間接取值
i:\test_git\lab_1_1\visual_studio_2010_environment\1_1\source_code\swap_algorithm.c(120): error C2065: 'b' : 未宣告的識別項
i:\test_git\lab_1_1\visual_studio_2010_environment\1_1\source_code\swap_algorithm.c(120): error C2100: 不合法的間接取值
i:\test_git\lab_1_1\visual_studio_2010_environment\1_1\source_code\swap_algorithm.c(122): error C2065: 'b' : 未宣告的識別項
i:\test_git\lab_1_1\visual_studio_2010_environment\1_1\source_code\swap_algorithm.c(122): error C2100: 不合法的間接取值
i:\test_git\lab_1_1\visual_studio_2010_environment\1_1\source_code\swap_algorithm.c(122): error C2065: 'mem' : 未宣告的識別項
i:\test_git\lab_1_1\visual_studio_2010_environment\1_1\source_code\swap_algorithm.c(126): fatal error C1071: 在註解中找到未預期的檔案結尾
  Sorting_algorithm.c
i:\test_git\lab_1_1\visual_studio_2010_environment\1_1\source_code\sorting_algorithm.c(77): warning C4018: '<' : signed/unsigned 不相符
i:\test_git\lab_1_1\visual_studio_2010_environment\1_1\source_code\sorting_algorithm.c(201): error C2143: 語法錯誤 : 遺漏 ';' (在 '型別' 之前)
i:\test_git\lab_1_1\visual_studio_2010_environment\1_1\source_code\sorting_algorithm.c(203): error C2065: 'memPtrB' : 未宣告的識別項
i:\test_git\lab_1_1\visual_studio_2010_environment\1_1\source_code\sorting_algorithm.c(203): warning C4047: '!=' : 'int' 與 'void *' 間接取值的層級不同
i:\test_git\lab_1_1\visual_studio_2010_environment\1_1\source_code\sorting_algorithm.c(212): error C2065: 'memPtrB' : 未宣告的識別項
i:\test_git\lab_1_1\visual_studio_2010_environment\1_1\source_code\sorting_algorithm.c(212): error C2109: 註標必須使用在陣列或指標型別上
i:\test_git\lab_1_1\visual_studio_2010_environment\1_1\source_code\sorting_algorithm.c(221): error C2065: 'memPtrB' : 未宣告的識別項
i:\test_git\lab_1_1\visual_studio_2010_environment\1_1\source_code\sorting_algorithm.c(221): error C2109: 註標必須使用在陣列或指標型別上
i:\test_git\lab_1_1\visual_studio_2010_environment\1_1\source_code\sorting_algorithm.c(225): error C2065: 'memPtrB' : 未宣告的識別項
i:\test_git\lab_1_1\visual_studio_2010_environment\1_1\source_code\sorting_algorithm.c(225): error C2109: 註標必須使用在陣列或指標型別上
i:\test_git\lab_1_1\visual_studio_2010_environment\1_1\source_code\sorting_algorithm.c(230): error C2065: 'memPtrB' : 未宣告的識別項
i:\test_git\lab_1_1\visual_studio_2010_environment\1_1\source_code\sorting_algorithm.c(230): error C2109: 註標必須使用在陣列或指標型別上
i:\test_git\lab_1_1\visual_studio_2010_environment\1_1\source_code\sorting_algorithm.c(242): error C2065: 'memPtrB' : 未宣告的識別項
i:\test_git\lab_1_1\visual_studio_2010_environment\1_1\source_code\sorting_algorithm.c(242): warning C4022: 'free' : 指標與實質參數 1 不相符
  正在產生程式碼...
